<?xml version="1.0" encoding="UTF-8"?>
<testsuite name="com.packtpublishing.tddjava.chap03tictactoe.TicTacToeTest" tests="6" skipped="0" failures="0" errors="0" timestamp="2016-07-04T19:44:47" hostname="rodrigue" time="0.028">
  <properties/>
  <testcase name="givenAGameWhenMovingToAnOccupiedPositionThenPositionTakenExceptionIsThrown" classname="com.packtpublishing.tddjava.chap03tictactoe.TicTacToeTest" time="0.025"/>
  <testcase name="givenAGameWhenMakingFirstMoveThenPlayerXFirstPlays" classname="com.packtpublishing.tddjava.chap03tictactoe.TicTacToeTest" time="0.0"/>
  <testcase name="givenAGameWhenPlacingYPositionOutOfTheBoardThenPositionOutOfBoardExceptionIsThrown" classname="com.packtpublishing.tddjava.chap03tictactoe.TicTacToeTest" time="0.0"/>
  <testcase name="givenAGameWhenPlayerOPlaysThenPlayerXPlaysNext" classname="com.packtpublishing.tddjava.chap03tictactoe.TicTacToeTest" time="0.001"/>
  <testcase name="givenAGameWhenMakingSecondMoveThenPlayerOPlays" classname="com.packtpublishing.tddjava.chap03tictactoe.TicTacToeTest" time="0.0"/>
  <testcase name="givenAGameWhenPlacingXPositionOutOfTheBoardThenPositionOutOfBoardExceptionIsThrown" classname="com.packtpublishing.tddjava.chap03tictactoe.TicTacToeTest" time="0.0"/>
  <system-out><![CDATA[null  null  null  
null  null  null  
null  X  null  

X  null  null  
null  null  null  
null  null  null  

X  null  null  
O  null  null  
null  null  null  

X  null  null  
null  null  null  
null  null  null  

]]></system-out>
  <system-err><![CDATA[]]></system-err>
</testsuite>
